<?xml version="1.0" encoding="UTF-8"?>
<!-- Generated by org.testng.reporters.JUnitReportReporter -->
<testsuite skipped="0" hostname="INDLAPTOP335" name="qaclickacademy.AppiumTest" tests="2" failures="0" timestamp="2020-07-29T03:02:11 IST" time="0.021" errors="0">
  <testcase name="AndroidTest" time="0.015" classname="qaclickacademy.AppiumTest"/>
  <system-out/>
  <testcase name="iOSTest" time="0.006" classname="qaclickacademy.AppiumTest"/>
  <system-out/>
</testsuite> <!-- qaclickacademy.AppiumTest -->
