<?xml version="1.0" encoding="UTF-8"?>
<!-- Generated by org.testng.reporters.JUnitReportReporter -->
<testsuite skipped="0" hostname="INDLAPTOP335" name="qaclickacademy.RestapiTest" tests="2" failures="0" timestamp="2020-07-28T04:32:56 IST" time="0.016" errors="0">
  <testcase name="JiraTest" time="0.013" classname="qaclickacademy.RestapiTest"/>
  <system-out/>
  <testcase name="TwitterApi" time="0.003" classname="qaclickacademy.RestapiTest"/>
  <system-out/>
</testsuite> <!-- qaclickacademy.RestapiTest -->
