<?xml version="1.0" encoding="UTF-8"?>
<!-- Generated by org.testng.reporters.JUnitReportReporter -->
<testsuite skipped="0" hostname="INDLAPTOP335" name="qaclickacademy.SeleniumTest" tests="2" failures="0" timestamp="2020-07-28T04:37:09 IST" time="0.021" errors="0">
  <testcase name="BrowserAutomation" time="0.014" classname="qaclickacademy.SeleniumTest"/>
  <system-out/>
  <testcase name="ELementsUI" time="0.007" classname="qaclickacademy.SeleniumTest"/>
  <system-out/>
</testsuite> <!-- qaclickacademy.SeleniumTest -->
