<?xml version="1.0" encoding="UTF-8"?>
<!-- Generated by org.testng.reporters.JUnitReportReporter -->
<testsuite skipped="0" hostname="INDLAPTOP335" name="qaclickacademy.SeleniumTest" tests="2" failures="0" timestamp="2020-07-29T05:05:10 IST" time="0.001" errors="0">
  <testcase name="ELementsUI" time="0.001" classname="qaclickacademy.SeleniumTest"/>
  <system-out/>
  <testcase name="BrowserAutomation" time="0.000" classname="qaclickacademy.SeleniumTest"/>
  <system-out/>
</testsuite> <!-- qaclickacademy.SeleniumTest -->
