<?xml version="1.0" encoding="UTF-8"?>
<!-- Generated by org.testng.reporters.JUnitReportReporter -->
<testsuite skipped="0" hostname="INDLAPTOP335" name="qaclickacademy.RestapiTest" tests="2" failures="0" timestamp="2020-07-29T05:04:55 IST" time="0.002" errors="0">
  <testcase name="TwitterApi" time="0.001" classname="qaclickacademy.RestapiTest"/>
  <system-out/>
  <testcase name="JiraTest" time="0.001" classname="qaclickacademy.RestapiTest"/>
  <system-out/>
</testsuite> <!-- qaclickacademy.RestapiTest -->
